<?xml version="1.0" encoding="UTF-8"?>
<testng-results skipped="0" failed="1" total="9" passed="8">
  <reporter-output>
  </reporter-output>
  <suite name="Suite" duration-ms="235968" started-at="2020-04-28T12:38:18Z" finished-at="2020-04-28T12:42:14Z">
    <groups>
    </groups>
    <test name="Test" duration-ms="235968" started-at="2020-04-28T12:38:18Z" finished-at="2020-04-28T12:42:14Z">
      <class name="com.testpack.Adminpagetest">
        <test-method status="PASS" signature="setup()[pri:0, instance:com.testpack.Adminpagetest@3b6eb2ec]" name="setup" is-config="true" duration-ms="42406" started-at="2020-04-28T18:08:18Z" finished-at="2020-04-28T18:09:01Z">
          <reporter-output>
          </reporter-output>
        </test-method> <!-- setup -->
        <test-method status="PASS" signature="adminklinktest()[pri:1, instance:com.testpack.Adminpagetest@3b6eb2ec]" name="adminklinktest" duration-ms="4874" started-at="2020-04-28T18:09:01Z" finished-at="2020-04-28T18:09:06Z">
          <reporter-output>
          </reporter-output>
        </test-method> <!-- adminklinktest -->
        <test-method status="PASS" signature="closeapp()[pri:0, instance:com.testpack.Adminpagetest@3b6eb2ec]" name="closeapp" is-config="true" duration-ms="1212" started-at="2020-04-28T18:09:06Z" finished-at="2020-04-28T18:09:07Z">
          <reporter-output>
          </reporter-output>
        </test-method> <!-- closeapp -->
        <test-method status="PASS" signature="setup()[pri:0, instance:com.testpack.Adminpagetest@3b6eb2ec]" name="setup" is-config="true" duration-ms="19371" started-at="2020-04-28T18:09:07Z" finished-at="2020-04-28T18:09:26Z">
          <reporter-output>
          </reporter-output>
        </test-method> <!-- setup -->
        <test-method status="PASS" signature="pmlinkisavilable()[pri:2, instance:com.testpack.Adminpagetest@3b6eb2ec]" name="pmlinkisavilable" duration-ms="2737" started-at="2020-04-28T18:09:26Z" finished-at="2020-04-28T18:09:29Z">
          <reporter-output>
          </reporter-output>
        </test-method> <!-- pmlinkisavilable -->
        <test-method status="PASS" signature="closeapp()[pri:0, instance:com.testpack.Adminpagetest@3b6eb2ec]" name="closeapp" is-config="true" duration-ms="165" started-at="2020-04-28T18:09:29Z" finished-at="2020-04-28T18:09:29Z">
          <reporter-output>
          </reporter-output>
        </test-method> <!-- closeapp -->
        <test-method status="PASS" signature="setup()[pri:0, instance:com.testpack.Adminpagetest@3b6eb2ec]" name="setup" is-config="true" duration-ms="21253" started-at="2020-04-28T18:09:29Z" finished-at="2020-04-28T18:09:50Z">
          <reporter-output>
          </reporter-output>
        </test-method> <!-- setup -->
        <test-method status="PASS" signature="reculink()[pri:3, instance:com.testpack.Adminpagetest@3b6eb2ec]" name="reculink" duration-ms="3202" started-at="2020-04-28T18:09:50Z" finished-at="2020-04-28T18:09:54Z">
          <reporter-output>
          </reporter-output>
        </test-method> <!-- reculink -->
        <test-method status="PASS" signature="closeapp()[pri:0, instance:com.testpack.Adminpagetest@3b6eb2ec]" name="closeapp" is-config="true" duration-ms="369" started-at="2020-04-28T18:09:54Z" finished-at="2020-04-28T18:09:54Z">
          <reporter-output>
          </reporter-output>
        </test-method> <!-- closeapp -->
        <test-method status="PASS" signature="setup()[pri:0, instance:com.testpack.Adminpagetest@3b6eb2ec]" name="setup" is-config="true" duration-ms="18263" started-at="2020-04-28T18:09:54Z" finished-at="2020-04-28T18:10:12Z">
          <reporter-output>
          </reporter-output>
        </test-method> <!-- setup -->
        <test-method status="PASS" signature="welcom()[pri:4, instance:com.testpack.Adminpagetest@3b6eb2ec]" name="welcom" duration-ms="3691" started-at="2020-04-28T18:10:12Z" finished-at="2020-04-28T18:10:16Z">
          <reporter-output>
          </reporter-output>
        </test-method> <!-- welcom -->
        <test-method status="PASS" signature="closeapp()[pri:0, instance:com.testpack.Adminpagetest@3b6eb2ec]" name="closeapp" is-config="true" duration-ms="801" started-at="2020-04-28T18:10:16Z" finished-at="2020-04-28T18:10:17Z">
          <reporter-output>
          </reporter-output>
        </test-method> <!-- closeapp -->
      </class> <!-- com.testpack.Adminpagetest -->
      <class name="com.testpack.PIMtest">
        <test-method status="PASS" signature="setup()[pri:0, instance:com.testpack.PIMtest@7a79be86]" name="setup" is-config="true" duration-ms="21266" started-at="2020-04-28T18:11:17Z" finished-at="2020-04-28T18:11:38Z">
          <reporter-output>
          </reporter-output>
        </test-method> <!-- setup -->
        <test-method status="PASS" signature="pimtest()[pri:1, instance:com.testpack.PIMtest@7a79be86]" name="pimtest" duration-ms="3976" started-at="2020-04-28T18:11:38Z" finished-at="2020-04-28T18:11:42Z">
          <reporter-output>
          </reporter-output>
        </test-method> <!-- pimtest -->
        <test-method status="PASS" signature="closeapp()[pri:0, instance:com.testpack.PIMtest@7a79be86]" name="closeapp" is-config="true" duration-ms="649" started-at="2020-04-28T18:11:42Z" finished-at="2020-04-28T18:11:42Z">
          <reporter-output>
          </reporter-output>
        </test-method> <!-- closeapp -->
        <test-method status="PASS" signature="setup()[pri:0, instance:com.testpack.PIMtest@7a79be86]" name="setup" is-config="true" duration-ms="22585" started-at="2020-04-28T18:11:42Z" finished-at="2020-04-28T18:12:05Z">
          <reporter-output>
          </reporter-output>
        </test-method> <!-- setup -->
        <test-method status="PASS" signature="Addemployeetest()[pri:2, instance:com.testpack.PIMtest@7a79be86]" name="Addemployeetest" duration-ms="8608" started-at="2020-04-28T18:12:05Z" finished-at="2020-04-28T18:12:14Z">
          <reporter-output>
          </reporter-output>
        </test-method> <!-- Addemployeetest -->
        <test-method status="PASS" signature="closeapp()[pri:0, instance:com.testpack.PIMtest@7a79be86]" name="closeapp" is-config="true" duration-ms="708" started-at="2020-04-28T18:12:14Z" finished-at="2020-04-28T18:12:14Z">
          <reporter-output>
          </reporter-output>
        </test-method> <!-- closeapp -->
      </class> <!-- com.testpack.PIMtest -->
      <class name="com.testpack.logintest">
        <test-method status="PASS" signature="setup()[pri:0, instance:com.testpack.logintest@1e643faf]" name="setup" is-config="true" duration-ms="15229" started-at="2020-04-28T18:10:17Z" finished-at="2020-04-28T18:10:32Z">
          <reporter-output>
          </reporter-output>
        </test-method> <!-- setup -->
        <test-method status="PASS" signature="Logintest()[pri:1, instance:com.testpack.logintest@1e643faf]" name="Logintest" duration-ms="4609" started-at="2020-04-28T18:10:32Z" finished-at="2020-04-28T18:10:37Z">
          <reporter-output>
          </reporter-output>
        </test-method> <!-- Logintest -->
        <test-method status="PASS" signature="closeapp()[pri:0, instance:com.testpack.logintest@1e643faf]" name="closeapp" is-config="true" duration-ms="1268" started-at="2020-04-28T18:10:37Z" finished-at="2020-04-28T18:10:38Z">
          <reporter-output>
          </reporter-output>
        </test-method> <!-- closeapp -->
        <test-method status="PASS" signature="setup()[pri:0, instance:com.testpack.logintest@1e643faf]" name="setup" is-config="true" duration-ms="14934" started-at="2020-04-28T18:10:38Z" finished-at="2020-04-28T18:10:53Z">
          <reporter-output>
          </reporter-output>
        </test-method> <!-- setup -->
        <test-method status="FAIL" signature="imagetest()[pri:2, instance:com.testpack.logintest@1e643faf]" name="imagetest" duration-ms="362" started-at="2020-04-28T18:10:53Z" finished-at="2020-04-28T18:10:53Z">
          <exception class="org.openqa.selenium.NoSuchSessionException">
            <message>
              <![CDATA[invalid session id
Build info: version: '3.14.0', revision: 'aacccce0', time: '2018-08-02T20:19:58.91Z'
System info: host: 'LAPTOP-CC6D02LD', ip: '192.168.0.104', os.name: 'Windows 10', os.arch: 'amd64', os.version: '10.0', java.version: '1.8.0_121'
Driver info: org.openqa.selenium.chrome.ChromeDriver
Capabilities {acceptInsecureCerts: false, browserName: chrome, browserVersion: 81.0.4044.122, chrome: {chromedriverVersion: 80.0.3987.16 (320f6526c1632..., userDataDir: C:\Users\SOUNDA~1\AppData\L...}, goog:chromeOptions: {debuggerAddress: localhost:50431}, javascriptEnabled: true, networkConnectionEnabled: false, pageLoadStrategy: normal, platform: WINDOWS, platformName: WINDOWS, proxy: Proxy(), setWindowRect: true, strictFileInteractability: false, timeouts: {implicit: 0, pageLoad: 300000, script: 30000}, unhandledPromptBehavior: dismiss and notify}
Session ID: 7fa9dd15ba7b484164c0e00617eb69de
*** Element info: {Using=xpath, value=//*[@id='divLogo']/img}]]>
            </message>
            <full-stacktrace>
              <![CDATA[org.openqa.selenium.NoSuchSessionException: invalid session id
Build info: version: '3.14.0', revision: 'aacccce0', time: '2018-08-02T20:19:58.91Z'
System info: host: 'LAPTOP-CC6D02LD', ip: '192.168.0.104', os.name: 'Windows 10', os.arch: 'amd64', os.version: '10.0', java.version: '1.8.0_121'
Driver info: org.openqa.selenium.chrome.ChromeDriver
Capabilities {acceptInsecureCerts: false, browserName: chrome, browserVersion: 81.0.4044.122, chrome: {chromedriverVersion: 80.0.3987.16 (320f6526c1632..., userDataDir: C:\Users\SOUNDA~1\AppData\L...}, goog:chromeOptions: {debuggerAddress: localhost:50431}, javascriptEnabled: true, networkConnectionEnabled: false, pageLoadStrategy: normal, platform: WINDOWS, platformName: WINDOWS, proxy: Proxy(), setWindowRect: true, strictFileInteractability: false, timeouts: {implicit: 0, pageLoad: 300000, script: 30000}, unhandledPromptBehavior: dismiss and notify}
Session ID: 7fa9dd15ba7b484164c0e00617eb69de
*** Element info: {Using=xpath, value=//*[@id='divLogo']/img}
	at sun.reflect.NativeConstructorAccessorImpl.newInstance0(Native Method)
	at sun.reflect.NativeConstructorAccessorImpl.newInstance(NativeConstructorAccessorImpl.java:62)
	at sun.reflect.DelegatingConstructorAccessorImpl.newInstance(DelegatingConstructorAccessorImpl.java:45)
	at java.lang.reflect.Constructor.newInstance(Constructor.java:423)
	at org.openqa.selenium.remote.http.W3CHttpResponseCodec.createException(W3CHttpResponseCodec.java:187)
	at org.openqa.selenium.remote.http.W3CHttpResponseCodec.decode(W3CHttpResponseCodec.java:122)
	at org.openqa.selenium.remote.http.W3CHttpResponseCodec.decode(W3CHttpResponseCodec.java:49)
	at org.openqa.selenium.remote.HttpCommandExecutor.execute(HttpCommandExecutor.java:158)
	at org.openqa.selenium.remote.service.DriverCommandExecutor.execute(DriverCommandExecutor.java:83)
	at org.openqa.selenium.remote.RemoteWebDriver.execute(RemoteWebDriver.java:548)
	at org.openqa.selenium.remote.RemoteWebDriver.findElement(RemoteWebDriver.java:322)
	at org.openqa.selenium.remote.RemoteWebDriver.findElementByXPath(RemoteWebDriver.java:424)
	at org.openqa.selenium.By$ByXPath.findElement(By.java:353)
	at org.openqa.selenium.remote.RemoteWebDriver.findElement(RemoteWebDriver.java:314)
	at org.openqa.selenium.support.pagefactory.DefaultElementLocator.findElement(DefaultElementLocator.java:69)
	at org.openqa.selenium.support.pagefactory.internal.LocatingElementHandler.invoke(LocatingElementHandler.java:38)
	at com.sun.proxy.$Proxy8.isDisplayed(Unknown Source)
	at com.pageclass.login.validateHrmimage(login.java:31)
	at com.testpack.logintest.imagetest(logintest.java:48)
	at sun.reflect.NativeMethodAccessorImpl.invoke0(Native Method)
	at sun.reflect.NativeMethodAccessorImpl.invoke(NativeMethodAccessorImpl.java:62)
	at sun.reflect.DelegatingMethodAccessorImpl.invoke(DelegatingMethodAccessorImpl.java:43)
	at java.lang.reflect.Method.invoke(Method.java:498)
	at org.testng.internal.MethodInvocationHelper.invokeMethod(MethodInvocationHelper.java:86)
	at org.testng.internal.Invoker.invokeMethod(Invoker.java:645)
	at org.testng.internal.Invoker.invokeTestMethod(Invoker.java:822)
	at org.testng.internal.Invoker.invokeTestMethods(Invoker.java:1130)
	at org.testng.internal.TestMethodWorker.invokeTestMethods(TestMethodWorker.java:129)
	at org.testng.internal.TestMethodWorker.run(TestMethodWorker.java:112)
	at org.testng.TestRunner.privateRun(TestRunner.java:782)
	at org.testng.TestRunner.run(TestRunner.java:632)
	at org.testng.SuiteRunner.runTest(SuiteRunner.java:366)
	at org.testng.SuiteRunner.runSequentially(SuiteRunner.java:361)
	at org.testng.SuiteRunner.privateRun(SuiteRunner.java:319)
	at org.testng.SuiteRunner.run(SuiteRunner.java:268)
	at org.testng.SuiteRunnerWorker.runSuite(SuiteRunnerWorker.java:52)
	at org.testng.SuiteRunnerWorker.run(SuiteRunnerWorker.java:86)
	at org.testng.TestNG.runSuitesSequentially(TestNG.java:1244)
	at org.testng.TestNG.runSuitesLocally(TestNG.java:1169)
	at org.testng.TestNG.run(TestNG.java:1064)
	at org.testng.remote.RemoteTestNG.run(RemoteTestNG.java:113)
	at org.testng.remote.RemoteTestNG.initAndRun(RemoteTestNG.java:206)
	at org.testng.remote.RemoteTestNG.main(RemoteTestNG.java:177)
]]>
            </full-stacktrace>
          </exception> <!-- org.openqa.selenium.NoSuchSessionException -->
          <reporter-output>
          </reporter-output>
        </test-method> <!-- imagetest -->
        <test-method status="PASS" signature="closeapp()[pri:0, instance:com.testpack.logintest@1e643faf]" name="closeapp" is-config="true" duration-ms="146" started-at="2020-04-28T18:10:53Z" finished-at="2020-04-28T18:10:53Z">
          <reporter-output>
          </reporter-output>
        </test-method> <!-- closeapp -->
      </class> <!-- com.testpack.logintest -->
      <class name="com.testpack.adminlinktest">
        <test-method status="PASS" signature="setup()[pri:0, instance:com.testpack.adminlinktest@6e8dacdf]" name="setup" is-config="true" duration-ms="22755" started-at="2020-04-28T18:10:53Z" finished-at="2020-04-28T18:11:16Z">
          <reporter-output>
          </reporter-output>
        </test-method> <!-- setup -->
        <test-method status="PASS" signature="admintest()[pri:0, instance:com.testpack.adminlinktest@6e8dacdf]" name="admintest" duration-ms="173" started-at="2020-04-28T18:11:16Z" finished-at="2020-04-28T18:11:16Z">
          <reporter-output>
          </reporter-output>
        </test-method> <!-- admintest -->
        <test-method status="PASS" signature="closeapp()[pri:0, instance:com.testpack.adminlinktest@6e8dacdf]" name="closeapp" is-config="true" duration-ms="172" started-at="2020-04-28T18:11:16Z" finished-at="2020-04-28T18:11:17Z">
          <reporter-output>
          </reporter-output>
        </test-method> <!-- closeapp -->
      </class> <!-- com.testpack.adminlinktest -->
    </test> <!-- Test -->
  </suite> <!-- Suite -->
</testng-results>
